<?xml version="1.0" encoding="UTF-8"?>
<testng-results ignored="0" total="2" passed="2" failed="0" skipped="0">
  <reporter-output>
  </reporter-output>
  <suite started-at="2024-08-13T17:16:42 IST" name="Default suite" finished-at="2024-08-13T17:17:19 IST" duration-ms="37650">
    <groups>
    </groups>
    <test started-at="2024-08-13T17:16:42 IST" name="Default test" finished-at="2024-08-13T17:17:19 IST" duration-ms="37650">
      <class name="testcases.PIM">
        <test-method is-config="true" signature="setUpSuite()[pri:0, instance:testcases.PIM@52d239ba]" started-at="2024-08-13T17:16:36 IST" name="setUpSuite" finished-at="2024-08-13T17:16:42 IST" duration-ms="5453" status="PASS">
          <reporter-output>
          </reporter-output>
        </test-method> <!-- setUpSuite -->
        <test-method signature="TC001_add_employee()[pri:0, instance:testcases.PIM@52d239ba]" started-at="2024-08-13T17:16:42 IST" name="TC001_add_employee" finished-at="2024-08-13T17:16:53 IST" duration-ms="11315" status="PASS">
          <reporter-output>
          </reporter-output>
        </test-method> <!-- TC001_add_employee -->
        <test-method signature="TC002_search_employee()[pri:0, instance:testcases.PIM@52d239ba]" started-at="2024-08-13T17:16:53 IST" name="TC002_search_employee" finished-at="2024-08-13T17:17:19 IST" duration-ms="26066" status="PASS">
          <reporter-output>
          </reporter-output>
        </test-method> <!-- TC002_search_employee -->
        <test-method is-config="true" signature="tearDownSuite()[pri:0, instance:testcases.PIM@52d239ba]" started-at="2024-08-13T17:17:20 IST" name="tearDownSuite" finished-at="2024-08-13T17:17:22 IST" duration-ms="1768" status="PASS">
          <reporter-output>
          </reporter-output>
        </test-method> <!-- tearDownSuite -->
      </class> <!-- testcases.PIM -->
    </test> <!-- Default test -->
  </suite> <!-- Default suite -->
</testng-results>
